<?xml version="1.0" encoding="UTF-8"?>
<!-- Generated by org.testng.reporters.JUnitReportReporter -->
<testsuite hostname="DESKTOP-QLAFB8M" failures="0" tests="3" name="com.nopcommerce.user.Level_21_Multiple_Environment_Parameter" time="8.575" errors="0" timestamp="06 Mar 2024 06:40:05 GMT" skipped="0">
  <testcase classname="com.nopcommerce.user.Level_21_Multiple_Environment_Parameter" name="User_03_My_Account" time="0.946"/>
  <testcase classname="com.nopcommerce.user.Level_21_Multiple_Environment_Parameter" name="User_02_Login" time="1.969"/>
  <testcase classname="com.nopcommerce.user.Level_21_Multiple_Environment_Parameter" name="User_01_Register" time="5.660"/>
</testsuite> <!-- com.nopcommerce.user.Level_21_Multiple_Environment_Parameter -->
