<?xml version="1.0" encoding="UTF-8"?>
<!-- Generated by org.testng.reporters.JUnitReportReporter -->
<testsuite hostname="DESKTOP-QLAFB8M" failures="0" tests="3" name="com.nopcommerce.user.Level_20_Manage_Data_IV" time="8.924" errors="0" timestamp="26 Feb 2024 08:54:22 GMT" skipped="0">
  <testcase classname="com.nopcommerce.user.Level_20_Manage_Data_IV" name="User_03_My_Account" time="0.888"/>
  <testcase classname="com.nopcommerce.user.Level_20_Manage_Data_IV" name="User_02_Login" time="2.017"/>
  <testcase classname="com.nopcommerce.user.Level_20_Manage_Data_IV" name="User_01_Register" time="6.019"/>
</testsuite> <!-- com.nopcommerce.user.Level_20_Manage_Data_IV -->
